<?xml version="1.0" encoding="UTF-8"?>
<testsuite name="proj.AppTest" tests="1" skipped="0" failures="0" errors="0" timestamp="2022-06-25T18:52:24" hostname="DELL-AMIT" time="0.034">
  <properties/>
  <testcase name="appHasAGreeting()" classname="proj.AppTest" time="0.034"/>
  <system-out><![CDATA[]]></system-out>
  <system-err><![CDATA[]]></system-err>
</testsuite>
